<?xml version="1.0" encoding="UTF-8"?>
<!-- Generated by org.testng.reporters.JUnitReportReporter -->
<testsuite hostname="Digvijay" name="com.TestngParameters.ParametersDemo" tests="1" failures="0" timestamp="23 Jul 2018 17:21:06 GMT" time="19.552" errors="0">
  <testcase name="DemoOne" time="19.552" classname="com.TestngParameters.ParametersDemo"/>
</testsuite> <!-- com.TestngParameters.ParametersDemo -->
